[2025-05-23 14:22:36Z INFO HostContext] No proxy settings were found based on environmental variables (http_proxy/https_proxy/HTTP_PROXY/HTTPS_PROXY)
[2025-05-23 14:22:36Z INFO HostContext] Well known directory 'Bin': 'C:\VSCode\Kubernetes-github-action\actions-runner\bin'
[2025-05-23 14:22:36Z INFO HostContext] Well known directory 'Root': 'C:\VSCode\Kubernetes-github-action\actions-runner'
[2025-05-23 14:22:36Z INFO HostContext] Well known config file 'Credentials': 'C:\VSCode\Kubernetes-github-action\actions-runner\.credentials'
[2025-05-23 14:22:36Z INFO HostContext] Well known directory 'Bin': 'C:\VSCode\Kubernetes-github-action\actions-runner\bin'
[2025-05-23 14:22:36Z INFO HostContext] Well known directory 'Root': 'C:\VSCode\Kubernetes-github-action\actions-runner'
[2025-05-23 14:22:36Z INFO HostContext] Well known config file 'Runner': 'C:\VSCode\Kubernetes-github-action\actions-runner\.runner'
[2025-05-23 14:22:36Z INFO Listener] Runner is built for Windows (X64) - win-x64.
[2025-05-23 14:22:36Z INFO Listener] RuntimeInformation: Microsoft Windows 10.0.26100.
[2025-05-23 14:22:36Z INFO Listener] Version: 2.324.0
[2025-05-23 14:22:36Z INFO Listener] Commit: da3412efd49b1cf1a0fbdcbcee4e4ac4cc2177c8
[2025-05-23 14:22:36Z INFO Listener] Culture: en-BE
[2025-05-23 14:22:36Z INFO Listener] UI Culture: en-GB
[2025-05-23 14:22:36Z INFO HostContext] Well known directory 'Bin': 'C:\VSCode\Kubernetes-github-action\actions-runner\bin'
[2025-05-23 14:22:36Z INFO HostContext] Well known directory 'Root': 'C:\VSCode\Kubernetes-github-action\actions-runner'
[2025-05-23 14:22:36Z INFO Listener] Validating directory permissions for: 'C:\VSCode\Kubernetes-github-action\actions-runner'
[2025-05-23 14:22:36Z INFO CommandLineParser] Parse
[2025-05-23 14:22:36Z INFO CommandLineParser] Parsing 5 args
[2025-05-23 14:22:36Z INFO CommandLineParser] parsing argument
[2025-05-23 14:22:36Z INFO CommandLineParser] HasArgs: False
[2025-05-23 14:22:36Z INFO CommandLineParser] Adding Command: configure
[2025-05-23 14:22:36Z INFO CommandLineParser] parsing argument
[2025-05-23 14:22:36Z INFO CommandLineParser] HasArgs: True
[2025-05-23 14:22:36Z INFO CommandLineParser] arg: url
[2025-05-23 14:22:36Z INFO CommandLineParser] parsing argument
[2025-05-23 14:22:36Z INFO CommandLineParser] HasArgs: True
[2025-05-23 14:22:36Z INFO CommandLineParser] Adding option 'url': 'https://github.com/LovepreetSinghGhuman/Kubernetes-github-actions'
[2025-05-23 14:22:36Z INFO CommandLineParser] parsing argument
[2025-05-23 14:22:36Z INFO CommandLineParser] HasArgs: True
[2025-05-23 14:22:36Z INFO CommandLineParser] arg: token
[2025-05-23 14:22:36Z INFO CommandLineParser] parsing argument
[2025-05-23 14:22:36Z INFO CommandLineParser] HasArgs: True
[2025-05-23 14:22:36Z INFO CommandLineParser] Adding option 'token': '***'
[2025-05-23 14:22:36Z INFO Listener] Arguments parsed
[2025-05-23 14:22:36Z INFO Runner] ExecuteCommand
[2025-05-23 14:22:36Z INFO ConfigurationStore] currentAssemblyLocation: C:\VSCode\Kubernetes-github-action\actions-runner\bin\Runner.Listener.dll
[2025-05-23 14:22:36Z INFO HostContext] Well known directory 'Bin': 'C:\VSCode\Kubernetes-github-action\actions-runner\bin'
[2025-05-23 14:22:36Z INFO ConfigurationStore] binPath: C:\VSCode\Kubernetes-github-action\actions-runner\bin
[2025-05-23 14:22:36Z INFO HostContext] Well known directory 'Bin': 'C:\VSCode\Kubernetes-github-action\actions-runner\bin'
[2025-05-23 14:22:36Z INFO HostContext] Well known directory 'Root': 'C:\VSCode\Kubernetes-github-action\actions-runner'
[2025-05-23 14:22:36Z INFO ConfigurationStore] RootFolder: C:\VSCode\Kubernetes-github-action\actions-runner
[2025-05-23 14:22:36Z INFO HostContext] Well known directory 'Bin': 'C:\VSCode\Kubernetes-github-action\actions-runner\bin'
[2025-05-23 14:22:36Z INFO HostContext] Well known directory 'Root': 'C:\VSCode\Kubernetes-github-action\actions-runner'
[2025-05-23 14:22:36Z INFO HostContext] Well known config file 'Runner': 'C:\VSCode\Kubernetes-github-action\actions-runner\.runner'
[2025-05-23 14:22:36Z INFO ConfigurationStore] ConfigFilePath: C:\VSCode\Kubernetes-github-action\actions-runner\.runner
[2025-05-23 14:22:36Z INFO HostContext] Well known directory 'Bin': 'C:\VSCode\Kubernetes-github-action\actions-runner\bin'
[2025-05-23 14:22:36Z INFO HostContext] Well known directory 'Root': 'C:\VSCode\Kubernetes-github-action\actions-runner'
[2025-05-23 14:22:36Z INFO HostContext] Well known config file 'MigratedRunner': 'C:\VSCode\Kubernetes-github-action\actions-runner\.runner_migrated'
[2025-05-23 14:22:36Z INFO ConfigurationStore] MigratedConfigFilePath: C:\VSCode\Kubernetes-github-action\actions-runner\.runner_migrated
[2025-05-23 14:22:36Z INFO HostContext] Well known directory 'Bin': 'C:\VSCode\Kubernetes-github-action\actions-runner\bin'
[2025-05-23 14:22:36Z INFO HostContext] Well known directory 'Root': 'C:\VSCode\Kubernetes-github-action\actions-runner'
[2025-05-23 14:22:36Z INFO HostContext] Well known config file 'Credentials': 'C:\VSCode\Kubernetes-github-action\actions-runner\.credentials'
[2025-05-23 14:22:36Z INFO ConfigurationStore] CredFilePath: C:\VSCode\Kubernetes-github-action\actions-runner\.credentials
[2025-05-23 14:22:36Z INFO HostContext] Well known directory 'Bin': 'C:\VSCode\Kubernetes-github-action\actions-runner\bin'
[2025-05-23 14:22:36Z INFO HostContext] Well known directory 'Root': 'C:\VSCode\Kubernetes-github-action\actions-runner'
[2025-05-23 14:22:36Z INFO HostContext] Well known config file 'MigratedCredentials': 'C:\VSCode\Kubernetes-github-action\actions-runner\.credentials_migrated'
[2025-05-23 14:22:36Z INFO ConfigurationStore] MigratedCredFilePath: C:\VSCode\Kubernetes-github-action\actions-runner\.credentials_migrated
[2025-05-23 14:22:36Z INFO HostContext] Well known directory 'Bin': 'C:\VSCode\Kubernetes-github-action\actions-runner\bin'
[2025-05-23 14:22:36Z INFO HostContext] Well known directory 'Root': 'C:\VSCode\Kubernetes-github-action\actions-runner'
[2025-05-23 14:22:36Z INFO HostContext] Well known config file 'Service': 'C:\VSCode\Kubernetes-github-action\actions-runner\.service'
[2025-05-23 14:22:36Z INFO ConfigurationStore] ServiceConfigFilePath: C:\VSCode\Kubernetes-github-action\actions-runner\.service
[2025-05-23 14:22:36Z INFO CommandSettings] Flag 'help': 'False'
[2025-05-23 14:22:36Z INFO CommandSettings] Flag 'version': 'False'
[2025-05-23 14:22:36Z INFO CommandSettings] Flag 'commit': 'False'
[2025-05-23 14:22:36Z INFO CommandSettings] Flag 'check': 'False'
[2025-05-23 14:22:36Z INFO CommandSettings] Command 'configure': 'True'
[2025-05-23 14:22:36Z INFO Terminal] WRITE LINE: 
[2025-05-23 14:22:36Z INFO Terminal] WRITE LINE: --------------------------------------------------------------------------------
[2025-05-23 14:22:36Z INFO Terminal] WRITE LINE: |        ____ _ _   _   _       _          _        _   _                      |
[2025-05-23 14:22:36Z INFO Terminal] WRITE LINE: |       / ___(_) |_| | | |_   _| |__      / \   ___| |_(_) ___  _ __  ___      |
[2025-05-23 14:22:36Z INFO Terminal] WRITE LINE: |      | |  _| | __| |_| | | | | '_ \    / _ \ / __| __| |/ _ \| '_ \/ __|     |
[2025-05-23 14:22:36Z INFO Terminal] WRITE LINE: |      | |_| | | |_|  _  | |_| | |_) |  / ___ \ (__| |_| | (_) | | | \__ \     |
[2025-05-23 14:22:36Z INFO Terminal] WRITE LINE: |       \____|_|\__|_| |_|\__,_|_.__/  /_/   \_\___|\__|_|\___/|_| |_|___/     |
[2025-05-23 14:22:36Z INFO Terminal] WRITE LINE: |                                                                              |
[2025-05-23 14:22:36Z INFO Terminal] WRITE: |                       
[2025-05-23 14:22:36Z INFO Terminal] WRITE: Self-hosted runner registration
[2025-05-23 14:22:36Z INFO Terminal] WRITE LINE:                         |
[2025-05-23 14:22:36Z INFO Terminal] WRITE LINE: |                                                                              |
[2025-05-23 14:22:36Z INFO Terminal] WRITE LINE: --------------------------------------------------------------------------------
[2025-05-23 14:22:36Z INFO ConfigurationManager] ConfigureAsync
[2025-05-23 14:22:36Z INFO CommandSettings] Flag 'generateServiceConfig': 'False'
[2025-05-23 14:22:36Z INFO ConfigurationStore] IsConfigured()
[2025-05-23 14:22:36Z INFO ConfigurationStore] IsConfigured: False
[2025-05-23 14:22:36Z INFO ConfigurationManager] Is configured: False
[2025-05-23 14:22:36Z INFO CommandSettings] Arg 'url': 'https://github.com/LovepreetSinghGhuman/Kubernetes-github-actions'
[2025-05-23 14:22:36Z INFO CommandSettings] Remove url from Arg dictionary.
[2025-05-23 14:22:36Z INFO CommandSettings] Arg 'token': '***'
[2025-05-23 14:22:36Z INFO CommandSettings] Remove token from Arg dictionary.
[2025-05-23 14:22:37Z INFO ConfigurationManager] Http response code: OK from 'POST https://api.github.com/actions/runner-registration' (9538:208C8A:2AF4F0A:2C28D9C:683084AD)
[2025-05-23 14:22:37Z INFO ConfigurationManager] Using V2 flow: False
[2025-05-23 14:22:37Z INFO ConfigurationManager] cred retrieved via GitHub auth
[2025-05-23 14:22:37Z INFO RunnerServer] EstablishVssConnection
[2025-05-23 14:22:37Z INFO RunnerServer] Establish connection with 100 seconds timeout.
[2025-05-23 14:22:37Z INFO GitHubActionsService] Starting operation Location.GetConnectionData
[2025-05-23 14:22:37Z INFO RunnerServer] EstablishVssConnection
[2025-05-23 14:22:37Z INFO RunnerServer] Establish connection with 60 seconds timeout.
[2025-05-23 14:22:37Z INFO GitHubActionsService] Starting operation Location.GetConnectionData
[2025-05-23 14:22:37Z INFO RunnerServer] EstablishVssConnection
[2025-05-23 14:22:37Z INFO RunnerServer] Establish connection with 60 seconds timeout.
[2025-05-23 14:22:37Z INFO GitHubActionsService] Starting operation Location.GetConnectionData
[2025-05-23 14:22:38Z INFO GitHubActionsService] Finished operation Location.GetConnectionData
[2025-05-23 14:22:38Z INFO GitHubActionsService] Finished operation Location.GetConnectionData
[2025-05-23 14:22:38Z INFO GitHubActionsService] Finished operation Location.GetConnectionData
[2025-05-23 14:22:38Z INFO Terminal] WRITE LINE: 
[2025-05-23 14:22:38Z INFO ConfigurationManager] Test Connection complete.
[2025-05-23 14:22:38Z INFO HostContext] Well known directory 'Bin': 'C:\VSCode\Kubernetes-github-action\actions-runner\bin'
[2025-05-23 14:22:38Z INFO HostContext] Well known directory 'Root': 'C:\VSCode\Kubernetes-github-action\actions-runner'
[2025-05-23 14:22:38Z INFO HostContext] Well known config file 'RSACredentials': 'C:\VSCode\Kubernetes-github-action\actions-runner\.credentials_rsaparams'
[2025-05-23 14:22:38Z INFO RSAEncryptedFileKeyManager] Creating new RSA key using 2048-bit key length
[2025-05-23 14:22:38Z INFO RSAEncryptedFileKeyManager] Successfully saved RSA key parameters to file C:\VSCode\Kubernetes-github-action\actions-runner\.credentials_rsaparams
[2025-05-23 14:22:38Z INFO CommandSettings] Arg 'runnergroup': ''
[2025-05-23 14:22:38Z INFO CommandSettings] Flag 'unattended': 'False'
[2025-05-23 14:22:38Z INFO PromptManager] ReadValue
[2025-05-23 14:22:38Z INFO Terminal] WRITE: Enter the name of the runner group to add this runner to: 
[2025-05-23 14:22:38Z INFO Terminal] WRITE: [press Enter for Default] 
[2025-05-23 14:22:38Z INFO Terminal] READ LINE
[2025-05-23 14:22:53Z INFO Terminal] Read value: ''
[2025-05-23 14:22:53Z INFO PromptManager] Falling back to the default: 'Default'
[2025-05-23 14:22:53Z INFO Terminal] WRITE LINE: 
[2025-05-23 14:22:53Z INFO ConfigurationManager] Found a self-hosted runner group with id 1 and name Default
[2025-05-23 14:22:53Z INFO CommandSettings] Flag 'disableupdate': 'False'
[2025-05-23 14:22:53Z INFO CommandSettings] Flag 'ephemeral': 'False'
[2025-05-23 14:22:53Z INFO CommandSettings] Arg 'name': ''
[2025-05-23 14:22:53Z INFO CommandSettings] Flag 'unattended': 'False'
[2025-05-23 14:22:53Z INFO PromptManager] ReadValue
[2025-05-23 14:22:53Z INFO Terminal] WRITE: Enter the name of runner: 
[2025-05-23 14:22:53Z INFO Terminal] WRITE: [press Enter for WORKSTATIONPC] 
[2025-05-23 14:22:53Z INFO Terminal] READ LINE
[2025-05-23 14:22:57Z INFO Terminal] Read value: ''
[2025-05-23 14:22:57Z INFO PromptManager] Falling back to the default: 'WORKSTATIONPC'
[2025-05-23 14:22:57Z INFO Terminal] WRITE LINE: 
[2025-05-23 14:22:57Z INFO CommandSettings] Arg 'labels': ''
[2025-05-23 14:22:57Z INFO CommandSettings] Flag 'unattended': 'False'
[2025-05-23 14:22:57Z INFO PromptManager] ReadValue
[2025-05-23 14:22:57Z INFO Terminal] WRITE: This runner will have the following labels: 'self-hosted', 'Windows', 'X64' 
Enter any additional labels (ex. label-1,label-2): 
[2025-05-23 14:22:57Z INFO Terminal] WRITE: [press Enter to skip] 
[2025-05-23 14:22:57Z INFO Terminal] READ LINE
[2025-05-23 14:23:02Z INFO Terminal] Read value: ''
[2025-05-23 14:23:02Z INFO Terminal] WRITE LINE: 
[2025-05-23 14:23:03Z INFO CommandSettings] Flag 'disableupdate': 'False'
[2025-05-23 14:23:03Z INFO CommandSettings] Flag 'no-default-labels': 'False'
[2025-05-23 14:23:03Z INFO CommandSettings] Flag 'disableupdate': 'False'
[2025-05-23 14:23:03Z INFO CommandSettings] Flag 'ephemeral': 'False'
[2025-05-23 14:23:03Z INFO ConfigurationStore] Saving OAuth credential @ C:\VSCode\Kubernetes-github-action\actions-runner\.credentials
[2025-05-23 14:23:03Z INFO ConfigurationStore] Credentials Saved.
[2025-05-23 14:23:03Z INFO ConfigurationStore] HasCredentials()
[2025-05-23 14:23:03Z INFO ConfigurationStore] stored True
[2025-05-23 14:23:03Z INFO CredentialManager] GetCredentialProvider
[2025-05-23 14:23:03Z INFO CredentialManager] Creating type OAuth
[2025-05-23 14:23:03Z INFO CredentialManager] Creating credential type: OAuth
[2025-05-23 14:23:03Z INFO RSAEncryptedFileKeyManager] Loading RSA key parameters from file C:\VSCode\Kubernetes-github-action\actions-runner\.credentials_rsaparams
[2025-05-23 14:23:03Z INFO RunnerServer] EstablishVssConnection
[2025-05-23 14:23:03Z INFO RunnerServer] Establish connection with 100 seconds timeout.
[2025-05-23 14:23:03Z INFO GitHubActionsService] Starting operation Location.GetConnectionData
[2025-05-23 14:23:03Z INFO RunnerServer] EstablishVssConnection
[2025-05-23 14:23:03Z INFO RunnerServer] Establish connection with 60 seconds timeout.
[2025-05-23 14:23:03Z INFO GitHubActionsService] Starting operation Location.GetConnectionData
[2025-05-23 14:23:03Z INFO RunnerServer] EstablishVssConnection
[2025-05-23 14:23:03Z INFO RunnerServer] Establish connection with 60 seconds timeout.
[2025-05-23 14:23:03Z INFO GitHubActionsService] Starting operation Location.GetConnectionData
[2025-05-23 14:23:03Z INFO GitHubActionsService] Finished operation Location.GetConnectionData
[2025-05-23 14:23:03Z INFO GitHubActionsService] Finished operation Location.GetConnectionData
[2025-05-23 14:23:03Z INFO GitHubActionsService] Finished operation Location.GetConnectionData
[2025-05-23 14:23:03Z INFO RSAEncryptedFileKeyManager] Loading RSA key parameters from file C:\VSCode\Kubernetes-github-action\actions-runner\.credentials_rsaparams
[2025-05-23 14:23:03Z INFO RSAEncryptedFileKeyManager] Loading RSA key parameters from file C:\VSCode\Kubernetes-github-action\actions-runner\.credentials_rsaparams
[2025-05-23 14:23:04Z INFO GitHubActionsService] AAD Correlation ID for this token request: Unknown
[2025-05-23 14:23:04Z INFO CommandSettings] Arg 'work': ''
[2025-05-23 14:23:04Z INFO CommandSettings] Flag 'unattended': 'False'
[2025-05-23 14:23:04Z INFO PromptManager] ReadValue
[2025-05-23 14:23:04Z INFO Terminal] WRITE: Enter name of work folder: 
[2025-05-23 14:23:04Z INFO Terminal] WRITE: [press Enter for _work] 
[2025-05-23 14:23:04Z INFO Terminal] READ LINE
[2025-05-23 14:23:07Z INFO Terminal] Read value: ''
[2025-05-23 14:23:07Z INFO PromptManager] Falling back to the default: '_work'
[2025-05-23 14:23:07Z INFO ConfigurationStore] Saving runner settings.
[2025-05-23 14:23:07Z INFO ConfigurationStore] Settings Saved.
[2025-05-23 14:23:07Z INFO Terminal] WRITE LINE: 
[2025-05-23 14:23:07Z INFO Terminal] WRITE LINE: 
[2025-05-23 14:23:07Z INFO CommandSettings] Flag 'runasservice': 'False'
[2025-05-23 14:23:07Z INFO CommandSettings] Flag 'unattended': 'False'
[2025-05-23 14:23:07Z INFO PromptManager] ReadValue
[2025-05-23 14:23:07Z INFO Terminal] WRITE: Would you like to run the runner as service? (Y/N) 
[2025-05-23 14:23:07Z INFO Terminal] WRITE: [press Enter for N] 
[2025-05-23 14:23:07Z INFO Terminal] READ LINE
[2025-05-23 14:23:16Z INFO Terminal] Read value: 'y'
[2025-05-23 14:23:16Z INFO ConfigurationManager] Configuring to run the agent as service
[2025-05-23 14:23:16Z ERR  WindowsServiceControlManager] Needs Administrator privileges for configure runner as windows service.
[2025-05-23 14:23:16Z ERR  Runner] System.Security.SecurityException: Needs Administrator privileges for configuring runner as windows service.
   at GitHub.Runner.Listener.Configuration.WindowsServiceControlManager.ConfigureService(RunnerSettings settings, CommandSettings command)
   at GitHub.Runner.Listener.Configuration.ConfigurationManager.ConfigureAsync(CommandSettings command)
   at GitHub.Runner.Listener.Runner.ExecuteCommand(CommandSettings command)
[2025-05-23 14:23:16Z ERR  Terminal] WRITE ERROR: Needs Administrator privileges for configuring runner as windows service.
[2025-05-23 14:23:16Z INFO Listener] Runner execution has finished with return code 1
